<?xml version="1.0" encoding="UTF-8"?>
<!-- Generated by org.testng.reporters.JUnitReportReporter -->
<testsuite hostname="BDC4-L-1BMJ4Q" failures="0" tests="1" name="sampleTests.SamsungPhonesTest" time="19.098" errors="0" timestamp="2022-09-12T08:08:33 IST" skipped="0">
  <testcase classname="sampleTests.SamsungPhonesTest" name="extractPhoneDetails" time="19.098"/>
  <system-out/>
</testsuite> <!-- sampleTests.SamsungPhonesTest -->
